<?xml version="1.0" encoding="UTF-8"?>
<testsuites name="jest tests" tests="3" failures="0" time="2.029">
  <testsuite name="User DAL" errors="0" failures="0" skipped="0" timestamp="2020-01-04T03:19:15" time="1.973" tests="3">
    <testcase classname="User DAL should create user" name="User DAL should create user" time="0.014">
    </testcase>
    <testcase classname="User DAL should find and create user" name="User DAL should find and create user" time="0.007">
    </testcase>
    <testcase classname="User DAL should find user" name="User DAL should find user" time="0.002">
    </testcase>
  </testsuite>
</testsuites>